<?xml version="1.0" encoding="UTF-8"?>
<testsuite name="ProductTests.ProductsTest" tests="2" skipped="0" failures="0" errors="0" timestamp="2022-01-19T11:25:13" hostname="DESKTOP-R5BS0TJ" time="0.009">
  <properties/>
  <testcase name="AddTest()" classname="ProductTests.ProductsTest" time="0.006"/>
  <testcase name="GettingTest()" classname="ProductTests.ProductsTest" time="0.001"/>
  <system-out><![CDATA[]]></system-out>
  <system-err><![CDATA[]]></system-err>
</testsuite>
