<?xml version="1.0" encoding="UTF-8"?>
<testsuite name="UserTests.UserCRUDTest" tests="1" skipped="0" failures="0" errors="0" timestamp="2022-01-20T09:29:32" hostname="DESKTOP-R5BS0TJ" time="0.019">
  <properties/>
  <testcase name="CreateTest()" classname="UserTests.UserCRUDTest" time="0.019"/>
  <system-out><![CDATA[]]></system-out>
  <system-err><![CDATA[]]></system-err>
</testsuite>
