<?xml version="1.0" encoding="UTF-8"?>
<testsuite name="OrderTests.OrderCreationTest" tests="1" skipped="0" failures="0" errors="0" timestamp="2022-01-20T09:29:31" hostname="DESKTOP-R5BS0TJ" time="0.536">
  <properties/>
  <testcase name="AddTest()" classname="OrderTests.OrderCreationTest" time="0.536"/>
  <system-out><![CDATA[]]></system-out>
  <system-err><![CDATA[]]></system-err>
</testsuite>
